19:10:58.237 [TestNG-tests-3] INFO  testCases.TC_001_Accounts_Registration - Provided Email
19:10:59.545 [TestNG-tests-3] INFO  testCases.TC_001_Accounts_Registration - Provided Telephone number
19:10:59.711 [TestNG-tests-3] INFO  testCases.TC_001_Accounts_Registration - Provided Password
19:10:59.976 [TestNG-tests-3] INFO  testCases.TC_001_Accounts_Registration - Provided Confirm Password
19:11:00.296 [TestNG-tests-3] INFO  testCases.TC_001_Accounts_Registration - set privacy policy
19:11:02.761 [TestNG-tests-3] INFO  testCases.TC_001_Accounts_Registration - Click on continue
19:11:03.997 [TestNG-tests-1] INFO  testCases.TC_001_Accounts_Registration - Click on My Account
19:11:04.882 [TestNG-tests-3] INFO  testCases.TC_001_Accounts_Registration - Account Registration success
19:11:04.924 [TestNG-tests-3] INFO  testCases.TC_001_Accounts_Registration - Finished TC_Accounts_Registration 
19:11:07.877 [TestNG-tests-1] INFO  testCases.TC_001_Accounts_Registration - Click on My Register
19:11:09.046 [TestNG-tests-1] INFO  testCases.TC_001_Accounts_Registration - Provided Firstname
19:11:09.477 [TestNG-tests-1] INFO  testCases.TC_001_Accounts_Registration - Provided LastName
19:11:09.762 [TestNG-tests-1] INFO  testCases.TC_001_Accounts_Registration - Provided Email
19:11:10.055 [TestNG-tests-1] INFO  testCases.TC_001_Accounts_Registration - Provided Telephone number
19:11:10.492 [TestNG-tests-1] INFO  testCases.TC_001_Accounts_Registration - Provided Password
19:11:10.784 [TestNG-tests-1] INFO  testCases.TC_001_Accounts_Registration - Provided Confirm Password
19:11:11.045 [TestNG-tests-1] INFO  testCases.TC_001_Accounts_Registration - set privacy policy
19:11:13.367 [TestNG-tests-1] INFO  testCases.TC_001_Accounts_Registration - Click on continue
19:11:15.574 [TestNG-tests-1] INFO  testCases.TC_001_Accounts_Registration - Account Registration success
19:11:15.574 [TestNG-tests-1] INFO  testCases.TC_001_Accounts_Registration - Finished TC_Accounts_Registration 
19:11:37.006 [AsyncHttpClient-1-2] DEBUG io.netty.buffer.PoolThreadCache - Freed 4 thread-local buffer(s) from thread: AsyncHttpClient-1-2
19:11:37.011 [AsyncHttpClient-1-5] DEBUG io.netty.buffer.PoolThreadCache - Freed 2 thread-local buffer(s) from thread: AsyncHttpClient-1-5
19:11:37.011 [AsyncHttpClient-1-7] DEBUG io.netty.buffer.PoolThreadCache - Freed 2 thread-local buffer(s) from thread: AsyncHttpClient-1-7
19:12:26.389 [TestNG-tests-1] DEBUG io.netty.util.internal.logging.InternalLoggerFactory - Using Log4J2 as the default logging framework
19:12:26.432 [TestNG-tests-1] DEBUG io.netty.util.ResourceLeakDetector - -Dio.netty.leakDetection.level: simple
19:12:26.432 [TestNG-tests-1] DEBUG io.netty.util.ResourceLeakDetector - -Dio.netty.leakDetection.targetRecords: 4
19:12:26.449 [TestNG-tests-1] DEBUG io.netty.util.ResourceLeakDetectorFactory - Loaded default ResourceLeakDetector: io.netty.util.ResourceLeakDetector@42095ff3
19:12:26.785 [TestNG-tests-1] DEBUG io.netty.util.internal.PlatformDependent - Platform: Windows
19:12:26.795 [TestNG-tests-1] DEBUG io.netty.util.internal.PlatformDependent0 - -Dio.netty.noUnsafe: false
19:12:26.796 [TestNG-tests-1] DEBUG io.netty.util.internal.PlatformDependent0 - Java version: 8
19:12:26.804 [TestNG-tests-1] DEBUG io.netty.util.internal.PlatformDependent0 - sun.misc.Unsafe.theUnsafe: available
19:12:26.812 [TestNG-tests-1] DEBUG io.netty.util.internal.PlatformDependent0 - sun.misc.Unsafe.copyMemory: available
19:12:26.816 [TestNG-tests-1] DEBUG io.netty.util.internal.PlatformDependent0 - java.nio.Buffer.address: available
19:12:26.821 [TestNG-tests-1] DEBUG io.netty.util.internal.PlatformDependent0 - direct buffer constructor: available
19:12:26.826 [TestNG-tests-1] DEBUG io.netty.util.internal.PlatformDependent0 - java.nio.Bits.unaligned: available, true
19:12:26.827 [TestNG-tests-1] DEBUG io.netty.util.internal.PlatformDependent0 - jdk.internal.misc.Unsafe.allocateUninitializedArray(int): unavailable prior to Java9
19:12:26.827 [TestNG-tests-1] DEBUG io.netty.util.internal.PlatformDependent0 - java.nio.DirectByteBuffer.<init>(long, int): available
19:12:26.829 [TestNG-tests-1] DEBUG io.netty.util.internal.PlatformDependent - sun.misc.Unsafe: available
19:12:26.831 [TestNG-tests-1] DEBUG io.netty.util.internal.PlatformDependent - -Dio.netty.tmpdir: C:\Users\Julius\AppData\Local\Temp (java.io.tmpdir)
19:12:26.833 [TestNG-tests-1] DEBUG io.netty.util.internal.PlatformDependent - -Dio.netty.bitMode: 64 (sun.arch.data.model)
19:12:26.838 [TestNG-tests-1] DEBUG io.netty.util.internal.PlatformDependent - -Dio.netty.maxDirectMemory: 928514048 bytes
19:12:26.840 [TestNG-tests-1] DEBUG io.netty.util.internal.PlatformDependent - -Dio.netty.uninitializedArrayAllocationThreshold: -1
19:12:26.845 [TestNG-tests-1] DEBUG io.netty.util.internal.CleanerJava6 - java.nio.ByteBuffer.cleaner(): available
19:12:26.846 [TestNG-tests-1] DEBUG io.netty.util.internal.PlatformDependent - -Dio.netty.noPreferDirect: false
19:12:26.892 [TestNG-tests-1] DEBUG io.netty.util.internal.PlatformDependent - org.jctools-core.MpscChunkedArrayQueue: available
19:12:26.999 [TestNG-tests-1] DEBUG io.netty.util.internal.InternalThreadLocalMap - -Dio.netty.threadLocalMap.stringBuilder.initialSize: 1024
19:12:27.000 [TestNG-tests-1] DEBUG io.netty.util.internal.InternalThreadLocalMap - -Dio.netty.threadLocalMap.stringBuilder.maxSize: 4096
19:12:27.152 [TestNG-tests-1] DEBUG io.netty.handler.ssl.JdkSslContext - Default protocols (JDK): [TLSv1.2, TLSv1.1, TLSv1] 
19:12:27.153 [TestNG-tests-1] DEBUG io.netty.handler.ssl.JdkSslContext - Default cipher suites (JDK): [TLS_ECDHE_ECDSA_WITH_AES_256_GCM_SHA384, TLS_ECDHE_ECDSA_WITH_AES_128_GCM_SHA256, TLS_ECDHE_RSA_WITH_AES_128_GCM_SHA256, TLS_ECDHE_RSA_WITH_AES_256_GCM_SHA384, TLS_ECDHE_RSA_WITH_AES_128_CBC_SHA, TLS_ECDHE_RSA_WITH_AES_256_CBC_SHA, TLS_RSA_WITH_AES_128_GCM_SHA256, TLS_RSA_WITH_AES_128_CBC_SHA, TLS_RSA_WITH_AES_256_CBC_SHA]
19:12:27.309 [TestNG-tests-1] DEBUG io.netty.channel.MultithreadEventLoopGroup - -Dio.netty.eventLoopThreads: 8
19:12:27.364 [TestNG-tests-1] DEBUG io.netty.channel.nio.NioEventLoop - -Dio.netty.noKeySetOptimization: false
19:12:27.366 [TestNG-tests-1] DEBUG io.netty.channel.nio.NioEventLoop - -Dio.netty.selectorAutoRebuildThreshold: 512
19:12:27.419 [TestNG-tests-1] TRACE io.netty.channel.nio.NioEventLoop - instrumented a special java.util.Set into: sun.nio.ch.WindowsSelectorImpl@7f4b8b0a
19:12:27.424 [TestNG-tests-1] TRACE io.netty.channel.nio.NioEventLoop - instrumented a special java.util.Set into: sun.nio.ch.WindowsSelectorImpl@fea5b27
19:12:27.430 [TestNG-tests-1] TRACE io.netty.channel.nio.NioEventLoop - instrumented a special java.util.Set into: sun.nio.ch.WindowsSelectorImpl@2c5a820b
19:12:27.434 [TestNG-tests-1] TRACE io.netty.channel.nio.NioEventLoop - instrumented a special java.util.Set into: sun.nio.ch.WindowsSelectorImpl@42916ed1
19:12:27.438 [TestNG-tests-1] TRACE io.netty.channel.nio.NioEventLoop - instrumented a special java.util.Set into: sun.nio.ch.WindowsSelectorImpl@5192df1b
19:12:27.442 [TestNG-tests-1] TRACE io.netty.channel.nio.NioEventLoop - instrumented a special java.util.Set into: sun.nio.ch.WindowsSelectorImpl@c7c856d
19:12:27.446 [TestNG-tests-1] TRACE io.netty.channel.nio.NioEventLoop - instrumented a special java.util.Set into: sun.nio.ch.WindowsSelectorImpl@74ce0433
19:12:27.452 [TestNG-tests-1] TRACE io.netty.channel.nio.NioEventLoop - instrumented a special java.util.Set into: sun.nio.ch.WindowsSelectorImpl@3de00b9d
19:12:27.557 [TestNG-tests-1] DEBUG io.netty.buffer.PooledByteBufAllocator - -Dio.netty.allocator.numHeapArenas: 8
19:12:27.558 [TestNG-tests-1] DEBUG io.netty.buffer.PooledByteBufAllocator - -Dio.netty.allocator.numDirectArenas: 8
19:12:27.558 [TestNG-tests-1] DEBUG io.netty.buffer.PooledByteBufAllocator - -Dio.netty.allocator.pageSize: 8192
19:12:27.558 [TestNG-tests-1] DEBUG io.netty.buffer.PooledByteBufAllocator - -Dio.netty.allocator.maxOrder: 11
19:12:27.559 [TestNG-tests-1] DEBUG io.netty.buffer.PooledByteBufAllocator - -Dio.netty.allocator.chunkSize: 16777216
19:12:27.559 [TestNG-tests-1] DEBUG io.netty.buffer.PooledByteBufAllocator - -Dio.netty.allocator.smallCacheSize: 256
19:12:27.559 [TestNG-tests-1] DEBUG io.netty.buffer.PooledByteBufAllocator - -Dio.netty.allocator.normalCacheSize: 64
19:12:27.560 [TestNG-tests-1] DEBUG io.netty.buffer.PooledByteBufAllocator - -Dio.netty.allocator.maxCachedBufferCapacity: 32768
19:12:27.560 [TestNG-tests-1] DEBUG io.netty.buffer.PooledByteBufAllocator - -Dio.netty.allocator.cacheTrimInterval: 8192
19:12:27.560 [TestNG-tests-1] DEBUG io.netty.buffer.PooledByteBufAllocator - -Dio.netty.allocator.cacheTrimIntervalMillis: 0
19:12:27.561 [TestNG-tests-1] DEBUG io.netty.buffer.PooledByteBufAllocator - -Dio.netty.allocator.useCacheForAllThreads: true
19:12:27.561 [TestNG-tests-1] DEBUG io.netty.buffer.PooledByteBufAllocator - -Dio.netty.allocator.maxCachedByteBuffersPerChunk: 1023
19:12:27.604 [TestNG-tests-1] DEBUG io.netty.buffer.ByteBufUtil - -Dio.netty.allocator.type: pooled
19:12:27.604 [TestNG-tests-1] DEBUG io.netty.buffer.ByteBufUtil - -Dio.netty.threadLocalDirectBufferSize: 0
19:12:27.605 [TestNG-tests-1] DEBUG io.netty.buffer.ByteBufUtil - -Dio.netty.maxThreadLocalCharBufferSize: 16384
19:12:30.093 [Forwarding newSession on session null to remote] DEBUG io.netty.channel.DefaultChannelId - -Dio.netty.processId: 12088 (auto-detected)
19:12:30.102 [Forwarding newSession on session null to remote] DEBUG io.netty.util.NetUtil - -Djava.net.preferIPv4Stack: false
19:12:30.102 [Forwarding newSession on session null to remote] DEBUG io.netty.util.NetUtil - -Djava.net.preferIPv6Addresses: false
19:12:30.268 [Forwarding newSession on session null to remote] DEBUG io.netty.util.NetUtilInitializations - Loopback interface: lo (Software Loopback Interface 1, 127.0.0.1)
19:12:30.272 [Forwarding newSession on session null to remote] DEBUG io.netty.util.NetUtil - Failed to get SOMAXCONN from sysctl and file \proc\sys\net\core\somaxconn. Default: 200
19:12:30.459 [Forwarding newSession on session null to remote] DEBUG io.netty.channel.DefaultChannelId - -Dio.netty.machineId: 28:e3:47:ff:fe:c6:9f:08 (auto-detected)
19:12:30.716 [AsyncHttpClient-1-3] DEBUG io.netty.buffer.AbstractByteBuf - -Dio.netty.buffer.checkAccessible: true
19:12:30.719 [AsyncHttpClient-1-3] DEBUG io.netty.buffer.AbstractByteBuf - -Dio.netty.buffer.checkBounds: true
19:12:30.719 [AsyncHttpClient-1-3] DEBUG io.netty.util.ResourceLeakDetectorFactory - Loaded default ResourceLeakDetector: io.netty.util.ResourceLeakDetector@46bd6993
19:12:30.842 [AsyncHttpClient-1-3] DEBUG io.netty.util.Recycler - -Dio.netty.recycler.maxCapacityPerThread: 4096
19:12:30.842 [AsyncHttpClient-1-3] DEBUG io.netty.util.Recycler - -Dio.netty.recycler.maxSharedCapacityFactor: 2
19:12:30.843 [AsyncHttpClient-1-3] DEBUG io.netty.util.Recycler - -Dio.netty.recycler.linkCapacity: 16
19:12:30.843 [AsyncHttpClient-1-3] DEBUG io.netty.util.Recycler - -Dio.netty.recycler.ratio: 8
19:12:30.843 [AsyncHttpClient-1-3] DEBUG io.netty.util.Recycler - -Dio.netty.recycler.delayedQueue.ratio: 8
19:12:38.579 [TestNG-tests-1] DEBUG io.netty.util.internal.ThreadLocalRandom - -Dio.netty.initialSeedUniquifier: 0xbb511b42ea16ce9b
19:12:38.928 [TestNG-tests-1] INFO  testCases.TC_001_Accounts_Registration - Chrome browser launched
19:12:39.147 [TestNG-tests-1] INFO  testCases.TC_001_Accounts_Registration - Starting TC_Accounts_Registration
19:12:43.491 [TestNG-tests-2] INFO  testCases.TC_001_Accounts_Registration - Edge browser launched
19:12:43.530 [TestNG-tests-2] INFO  testCases.TC_001_Accounts_Registration - Starting TC_Accounts_Registration
19:13:20.005 [TestNG-tests-2] INFO  testCases.TC_001_Accounts_Registration - Home page displayed
19:13:20.580 [TestNG-tests-3] INFO  testCases.TC_001_Accounts_Registration - Firefox browser launched
19:13:20.607 [TestNG-tests-3] INFO  testCases.TC_001_Accounts_Registration - Starting TC_Accounts_Registration
19:13:33.431 [TestNG-tests-3] INFO  testCases.TC_001_Accounts_Registration - Home page displayed
19:13:42.706 [TestNG-tests-3] INFO  testCases.TC_001_Accounts_Registration - Click on My Account
19:13:50.488 [TestNG-tests-3] INFO  testCases.TC_001_Accounts_Registration - Click on My Register
19:13:52.293 [TestNG-tests-2] INFO  testCases.TC_001_Accounts_Registration - Click on My Account
19:14:12.727 [TestNG-tests-3] INFO  testCases.TC_001_Accounts_Registration - Provided Firstname
19:14:13.695 [TestNG-tests-3] INFO  testCases.TC_001_Accounts_Registration - Provided LastName
19:14:14.293 [TestNG-tests-3] INFO  testCases.TC_001_Accounts_Registration - Provided Email
19:14:14.460 [TestNG-tests-3] INFO  testCases.TC_001_Accounts_Registration - Provided Telephone number
19:14:14.884 [TestNG-tests-3] INFO  testCases.TC_001_Accounts_Registration - Provided Password
19:14:15.316 [TestNG-tests-3] INFO  testCases.TC_001_Accounts_Registration - Provided Confirm Password
19:14:15.627 [TestNG-tests-3] INFO  testCases.TC_001_Accounts_Registration - set privacy policy
19:14:17.979 [TestNG-tests-3] INFO  testCases.TC_001_Accounts_Registration - Click on continue
19:14:20.111 [TestNG-tests-3] INFO  testCases.TC_001_Accounts_Registration - Account Registration success
19:14:20.299 [TestNG-tests-3] INFO  testCases.TC_001_Accounts_Registration - Finished TC_Accounts_Registration 
19:14:26.310 [TestNG-tests-1] INFO  testCases.TC_001_Accounts_Registration - Home page displayed
19:14:31.029 [TestNG-tests-2] INFO  testCases.TC_001_Accounts_Registration - Click on My Register
19:14:52.469 [TestNG-tests-2] INFO  testCases.TC_001_Accounts_Registration - Provided Firstname
19:14:53.281 [TestNG-tests-2] INFO  testCases.TC_001_Accounts_Registration - Provided LastName
19:14:54.893 [TestNG-tests-2] INFO  testCases.TC_001_Accounts_Registration - Provided Email
19:14:55.550 [TestNG-tests-2] INFO  testCases.TC_001_Accounts_Registration - Provided Telephone number
19:14:56.006 [TestNG-tests-2] INFO  testCases.TC_001_Accounts_Registration - Provided Password
19:14:56.397 [TestNG-tests-2] INFO  testCases.TC_001_Accounts_Registration - Provided Confirm Password
19:14:56.704 [TestNG-tests-2] INFO  testCases.TC_001_Accounts_Registration - set privacy policy
19:15:00.244 [TestNG-tests-2] INFO  testCases.TC_001_Accounts_Registration - Click on continue
19:15:02.408 [TestNG-tests-2] INFO  testCases.TC_001_Accounts_Registration - Account Registration success
19:15:02.408 [TestNG-tests-2] INFO  testCases.TC_001_Accounts_Registration - Finished TC_Accounts_Registration 
19:15:38.476 [TestNG-tests-1] INFO  testCases.TC_001_Accounts_Registration - Click on My Account
19:15:42.283 [TestNG-tests-1] INFO  testCases.TC_001_Accounts_Registration - Click on My Register
19:15:43.625 [TestNG-tests-1] INFO  testCases.TC_001_Accounts_Registration - Provided Firstname
19:15:43.894 [TestNG-tests-1] INFO  testCases.TC_001_Accounts_Registration - Provided LastName
19:15:44.199 [TestNG-tests-1] INFO  testCases.TC_001_Accounts_Registration - Provided Email
19:15:44.470 [TestNG-tests-1] INFO  testCases.TC_001_Accounts_Registration - Provided Telephone number
19:15:44.760 [TestNG-tests-1] INFO  testCases.TC_001_Accounts_Registration - Provided Password
19:15:45.152 [TestNG-tests-1] INFO  testCases.TC_001_Accounts_Registration - Provided Confirm Password
19:15:45.374 [TestNG-tests-1] INFO  testCases.TC_001_Accounts_Registration - set privacy policy
19:15:47.606 [TestNG-tests-1] INFO  testCases.TC_001_Accounts_Registration - Click on continue
19:15:49.694 [TestNG-tests-1] INFO  testCases.TC_001_Accounts_Registration - Account Registration success
19:15:49.694 [TestNG-tests-1] INFO  testCases.TC_001_Accounts_Registration - Finished TC_Accounts_Registration 
19:16:11.961 [AsyncHttpClient-1-7] DEBUG io.netty.buffer.PoolThreadCache - Freed 2 thread-local buffer(s) from thread: AsyncHttpClient-1-7
19:16:11.962 [AsyncHttpClient-1-8] DEBUG io.netty.buffer.PoolThreadCache - Freed 3 thread-local buffer(s) from thread: AsyncHttpClient-1-8
19:16:11.963 [AsyncHttpClient-1-5] DEBUG io.netty.buffer.PoolThreadCache - Freed 2 thread-local buffer(s) from thread: AsyncHttpClient-1-5
19:16:11.963 [AsyncHttpClient-1-9] DEBUG io.netty.buffer.PoolThreadCache - Freed 2 thread-local buffer(s) from thread: AsyncHttpClient-1-9
21:41:53.195 [TestNG-tests-2] DEBUG io.netty.util.internal.logging.InternalLoggerFactory - Using Log4J2 as the default logging framework
21:41:53.418 [TestNG-tests-2] DEBUG io.netty.util.ResourceLeakDetector - -Dio.netty.leakDetection.level: simple
21:41:53.419 [TestNG-tests-2] DEBUG io.netty.util.ResourceLeakDetector - -Dio.netty.leakDetection.targetRecords: 4
21:41:53.712 [TestNG-tests-2] DEBUG io.netty.util.ResourceLeakDetectorFactory - Loaded default ResourceLeakDetector: io.netty.util.ResourceLeakDetector@25987ebe
21:41:53.908 [TestNG-tests-2] DEBUG io.netty.util.internal.PlatformDependent - Platform: Windows
21:41:53.954 [TestNG-tests-2] DEBUG io.netty.util.internal.PlatformDependent0 - -Dio.netty.noUnsafe: false
21:41:53.955 [TestNG-tests-2] DEBUG io.netty.util.internal.PlatformDependent0 - Java version: 8
21:41:54.003 [TestNG-tests-2] DEBUG io.netty.util.internal.PlatformDependent0 - sun.misc.Unsafe.theUnsafe: available
21:41:54.007 [TestNG-tests-2] DEBUG io.netty.util.internal.PlatformDependent0 - sun.misc.Unsafe.copyMemory: available
21:41:54.009 [TestNG-tests-2] DEBUG io.netty.util.internal.PlatformDependent0 - java.nio.Buffer.address: available
21:41:54.013 [TestNG-tests-2] DEBUG io.netty.util.internal.PlatformDependent0 - direct buffer constructor: available
21:41:54.018 [TestNG-tests-2] DEBUG io.netty.util.internal.PlatformDependent0 - java.nio.Bits.unaligned: available, true
21:41:54.018 [TestNG-tests-2] DEBUG io.netty.util.internal.PlatformDependent0 - jdk.internal.misc.Unsafe.allocateUninitializedArray(int): unavailable prior to Java9
21:41:54.021 [TestNG-tests-2] DEBUG io.netty.util.internal.PlatformDependent0 - java.nio.DirectByteBuffer.<init>(long, int): available
21:41:54.021 [TestNG-tests-2] DEBUG io.netty.util.internal.PlatformDependent - sun.misc.Unsafe: available
21:41:54.118 [TestNG-tests-2] DEBUG io.netty.util.internal.PlatformDependent - -Dio.netty.tmpdir: C:\Users\Julius\AppData\Local\Temp (java.io.tmpdir)
21:41:54.119 [TestNG-tests-2] DEBUG io.netty.util.internal.PlatformDependent - -Dio.netty.bitMode: 64 (sun.arch.data.model)
21:41:54.125 [TestNG-tests-2] DEBUG io.netty.util.internal.PlatformDependent - -Dio.netty.maxDirectMemory: 928514048 bytes
21:41:54.126 [TestNG-tests-2] DEBUG io.netty.util.internal.PlatformDependent - -Dio.netty.uninitializedArrayAllocationThreshold: -1
21:41:54.132 [TestNG-tests-2] DEBUG io.netty.util.internal.CleanerJava6 - java.nio.ByteBuffer.cleaner(): available
21:41:54.133 [TestNG-tests-2] DEBUG io.netty.util.internal.PlatformDependent - -Dio.netty.noPreferDirect: false
21:41:54.271 [TestNG-tests-2] DEBUG io.netty.util.internal.PlatformDependent - org.jctools-core.MpscChunkedArrayQueue: available
21:41:54.600 [TestNG-tests-2] DEBUG io.netty.util.internal.InternalThreadLocalMap - -Dio.netty.threadLocalMap.stringBuilder.initialSize: 1024
21:41:54.600 [TestNG-tests-2] DEBUG io.netty.util.internal.InternalThreadLocalMap - -Dio.netty.threadLocalMap.stringBuilder.maxSize: 4096
21:41:54.723 [TestNG-tests-2] DEBUG io.netty.handler.ssl.JdkSslContext - Default protocols (JDK): [TLSv1.2] 
21:41:54.724 [TestNG-tests-2] DEBUG io.netty.handler.ssl.JdkSslContext - Default cipher suites (JDK): [TLS_ECDHE_ECDSA_WITH_AES_256_GCM_SHA384, TLS_ECDHE_ECDSA_WITH_AES_128_GCM_SHA256, TLS_ECDHE_RSA_WITH_AES_128_GCM_SHA256, TLS_ECDHE_RSA_WITH_AES_256_GCM_SHA384, TLS_ECDHE_RSA_WITH_AES_128_CBC_SHA, TLS_ECDHE_RSA_WITH_AES_256_CBC_SHA, TLS_RSA_WITH_AES_128_GCM_SHA256, TLS_RSA_WITH_AES_128_CBC_SHA, TLS_RSA_WITH_AES_256_CBC_SHA, TLS_AES_128_GCM_SHA256, TLS_AES_256_GCM_SHA384]
21:41:54.907 [TestNG-tests-2] DEBUG io.netty.channel.MultithreadEventLoopGroup - -Dio.netty.eventLoopThreads: 8
21:41:55.167 [TestNG-tests-2] DEBUG io.netty.channel.nio.NioEventLoop - -Dio.netty.noKeySetOptimization: false
21:41:55.168 [TestNG-tests-2] DEBUG io.netty.channel.nio.NioEventLoop - -Dio.netty.selectorAutoRebuildThreshold: 512
21:41:55.404 [TestNG-tests-2] TRACE io.netty.channel.nio.NioEventLoop - instrumented a special java.util.Set into: sun.nio.ch.WindowsSelectorImpl@131d26b6
21:41:55.417 [TestNG-tests-2] TRACE io.netty.channel.nio.NioEventLoop - instrumented a special java.util.Set into: sun.nio.ch.WindowsSelectorImpl@3ef943fc
21:41:55.426 [TestNG-tests-2] TRACE io.netty.channel.nio.NioEventLoop - instrumented a special java.util.Set into: sun.nio.ch.WindowsSelectorImpl@442bfa03
21:41:55.435 [TestNG-tests-2] TRACE io.netty.channel.nio.NioEventLoop - instrumented a special java.util.Set into: sun.nio.ch.WindowsSelectorImpl@76bda0e1
21:41:55.443 [TestNG-tests-2] TRACE io.netty.channel.nio.NioEventLoop - instrumented a special java.util.Set into: sun.nio.ch.WindowsSelectorImpl@18e8726e
21:41:55.452 [TestNG-tests-2] TRACE io.netty.channel.nio.NioEventLoop - instrumented a special java.util.Set into: sun.nio.ch.WindowsSelectorImpl@6cfa242c
21:41:55.460 [TestNG-tests-2] TRACE io.netty.channel.nio.NioEventLoop - instrumented a special java.util.Set into: sun.nio.ch.WindowsSelectorImpl@779a3052
21:41:55.469 [TestNG-tests-2] TRACE io.netty.channel.nio.NioEventLoop - instrumented a special java.util.Set into: sun.nio.ch.WindowsSelectorImpl@6c3b3ce8
21:41:55.775 [TestNG-tests-2] DEBUG io.netty.buffer.PooledByteBufAllocator - -Dio.netty.allocator.numHeapArenas: 8
21:41:55.776 [TestNG-tests-2] DEBUG io.netty.buffer.PooledByteBufAllocator - -Dio.netty.allocator.numDirectArenas: 8
21:41:55.776 [TestNG-tests-2] DEBUG io.netty.buffer.PooledByteBufAllocator - -Dio.netty.allocator.pageSize: 8192
21:41:55.777 [TestNG-tests-2] DEBUG io.netty.buffer.PooledByteBufAllocator - -Dio.netty.allocator.maxOrder: 11
21:41:55.777 [TestNG-tests-2] DEBUG io.netty.buffer.PooledByteBufAllocator - -Dio.netty.allocator.chunkSize: 16777216
21:41:55.778 [TestNG-tests-2] DEBUG io.netty.buffer.PooledByteBufAllocator - -Dio.netty.allocator.smallCacheSize: 256
21:41:55.778 [TestNG-tests-2] DEBUG io.netty.buffer.PooledByteBufAllocator - -Dio.netty.allocator.normalCacheSize: 64
21:41:55.779 [TestNG-tests-2] DEBUG io.netty.buffer.PooledByteBufAllocator - -Dio.netty.allocator.maxCachedBufferCapacity: 32768
21:41:55.779 [TestNG-tests-2] DEBUG io.netty.buffer.PooledByteBufAllocator - -Dio.netty.allocator.cacheTrimInterval: 8192
21:41:55.780 [TestNG-tests-2] DEBUG io.netty.buffer.PooledByteBufAllocator - -Dio.netty.allocator.cacheTrimIntervalMillis: 0
21:41:55.781 [TestNG-tests-2] DEBUG io.netty.buffer.PooledByteBufAllocator - -Dio.netty.allocator.useCacheForAllThreads: true
21:41:55.781 [TestNG-tests-2] DEBUG io.netty.buffer.PooledByteBufAllocator - -Dio.netty.allocator.maxCachedByteBuffersPerChunk: 1023
21:41:55.964 [TestNG-tests-2] DEBUG io.netty.buffer.ByteBufUtil - -Dio.netty.allocator.type: pooled
21:41:55.964 [TestNG-tests-2] DEBUG io.netty.buffer.ByteBufUtil - -Dio.netty.threadLocalDirectBufferSize: 0
21:41:55.965 [TestNG-tests-2] DEBUG io.netty.buffer.ByteBufUtil - -Dio.netty.maxThreadLocalCharBufferSize: 16384
21:42:04.490 [Forwarding newSession on session null to remote] DEBUG io.netty.channel.DefaultChannelId - -Dio.netty.processId: 5992 (auto-detected)
21:42:04.517 [Forwarding newSession on session null to remote] DEBUG io.netty.util.NetUtil - -Djava.net.preferIPv4Stack: true
21:42:04.518 [Forwarding newSession on session null to remote] DEBUG io.netty.util.NetUtil - -Djava.net.preferIPv6Addresses: false
21:42:04.789 [Forwarding newSession on session null to remote] DEBUG io.netty.util.NetUtilInitializations - Loopback interface: lo (Software Loopback Interface 1, 127.0.0.1)
21:42:04.794 [Forwarding newSession on session null to remote] DEBUG io.netty.util.NetUtil - Failed to get SOMAXCONN from sysctl and file \proc\sys\net\core\somaxconn. Default: 200
21:42:05.006 [Forwarding newSession on session null to remote] DEBUG io.netty.channel.DefaultChannelId - -Dio.netty.machineId: 28:e3:47:ff:fe:c6:9f:08 (auto-detected)
21:42:05.565 [AsyncHttpClient-1-2] DEBUG io.netty.buffer.AbstractByteBuf - -Dio.netty.buffer.checkAccessible: true
21:42:05.568 [AsyncHttpClient-1-2] DEBUG io.netty.buffer.AbstractByteBuf - -Dio.netty.buffer.checkBounds: true
21:42:05.570 [AsyncHttpClient-1-2] DEBUG io.netty.util.ResourceLeakDetectorFactory - Loaded default ResourceLeakDetector: io.netty.util.ResourceLeakDetector@22ffc70b
21:42:06.124 [AsyncHttpClient-1-4] DEBUG io.netty.util.Recycler - -Dio.netty.recycler.maxCapacityPerThread: 4096
21:42:06.126 [AsyncHttpClient-1-4] DEBUG io.netty.util.Recycler - -Dio.netty.recycler.maxSharedCapacityFactor: 2
21:42:06.126 [AsyncHttpClient-1-4] DEBUG io.netty.util.Recycler - -Dio.netty.recycler.linkCapacity: 16
21:42:06.127 [AsyncHttpClient-1-4] DEBUG io.netty.util.Recycler - -Dio.netty.recycler.ratio: 8
21:42:06.127 [AsyncHttpClient-1-4] DEBUG io.netty.util.Recycler - -Dio.netty.recycler.delayedQueue.ratio: 8
21:42:34.082 [TestNG-tests-1] DEBUG io.netty.util.internal.ThreadLocalRandom - -Dio.netty.initialSeedUniquifier: 0x785b06bf2147f95c
21:42:34.659 [TestNG-tests-1] INFO  testCases.TC_001_Accounts_Registration - Chrome browser launched
21:42:35.075 [TestNG-tests-1] INFO  testCases.TC_001_Accounts_Registration - Starting TC_Accounts_Registration
21:42:42.638 [TestNG-tests-1] INFO  testCases.TC_001_Accounts_Registration - Home page displayed
21:42:51.934 [TestNG-tests-1] INFO  testCases.TC_001_Accounts_Registration - Click on My Account
21:43:21.092 [TestNG-tests-1] INFO  testCases.TC_001_Accounts_Registration - Click on My Register
21:43:25.961 [TestNG-tests-1] INFO  testCases.TC_001_Accounts_Registration - Provided Firstname
21:43:27.425 [TestNG-tests-1] INFO  testCases.TC_001_Accounts_Registration - Provided LastName
21:43:28.205 [TestNG-tests-1] INFO  testCases.TC_001_Accounts_Registration - Provided Email
21:43:28.937 [TestNG-tests-1] INFO  testCases.TC_001_Accounts_Registration - Provided Telephone number
21:43:29.550 [TestNG-tests-1] INFO  testCases.TC_001_Accounts_Registration - Provided Password
21:43:29.895 [TestNG-tests-1] INFO  testCases.TC_001_Accounts_Registration - Provided Confirm Password
21:43:30.070 [TestNG-tests-1] INFO  testCases.TC_001_Accounts_Registration - set privacy policy
21:43:33.361 [TestNG-tests-1] INFO  testCases.TC_001_Accounts_Registration - Click on continue
21:43:35.654 [TestNG-tests-1] INFO  testCases.TC_001_Accounts_Registration - Account Registration success
21:43:36.451 [TestNG-tests-1] INFO  testCases.TC_001_Accounts_Registration - Finished TC_Accounts_Registration 
21:44:33.113 [AsyncHttpClient-1-3] DEBUG io.netty.buffer.PoolThreadCache - Freed 4 thread-local buffer(s) from thread: AsyncHttpClient-1-3
21:44:33.115 [AsyncHttpClient-1-2] DEBUG io.netty.buffer.PoolThreadCache - Freed 4 thread-local buffer(s) from thread: AsyncHttpClient-1-2
21:44:33.116 [AsyncHttpClient-1-5] DEBUG io.netty.buffer.PoolThreadCache - Freed 2 thread-local buffer(s) from thread: AsyncHttpClient-1-5
